<?xml version="1.0" encoding="UTF-8"?>
<testng-results ignored="0" total="1" passed="1" failed="0" skipped="0">
  <reporter-output>
  </reporter-output>
  <suite started-at="2025-07-29T13:55:41 IST" name="Default suite" finished-at="2025-07-29T13:55:51 IST" duration-ms="10038">
    <groups>
    </groups>
    <test started-at="2025-07-29T13:55:41 IST" name="Default test" finished-at="2025-07-29T13:55:51 IST" duration-ms="10038">
      <class name="extendsReports.addScreenShotInReport">
        <test-method signature="addasacreenshot()[pri:0, instance:extendsReports.addScreenShotInReport@2a4fb17b]" started-at="2025-07-29T13:55:41 IST" name="addasacreenshot" finished-at="2025-07-29T13:55:51 IST" duration-ms="9929" status="PASS">
          <reporter-output>
          </reporter-output>
        </test-method> <!-- addasacreenshot -->
      </class> <!-- extendsReports.addScreenShotInReport -->
    </test> <!-- Default test -->
  </suite> <!-- Default suite -->
</testng-results>
